app/build/outputs/logs/manifest-merger-debug-report.txt
-- Merging decision tree log ---
manifest
ADDED from src/main/AndroidManifest.xml:3:1-29:12
INJECTED from src/main/AndroidManifest.xml:3:1-29:12
INJECTED from src/main/AndroidManifest.xml:3:1-29:12
INJECTED from src/main/AndroidManifest.xml:3:1-29:12
INJECTED from src/main/AndroidManifest.xml:3:1-29:12
INJECTED from src/main/AndroidManifest.xml:3:1-29:12
INJECTED from src/main/AndroidManifest.xml:3:1-29:12
	package
		ADDED from src/main/AndroidManifest.xml:5:5-41
		INJECTED from src/main/AndroidManifest.xml
		INJECTED from src/main/AndroidManifest.xml
	android:versionName
		ADDED from src/main/AndroidManifest.xml:7:5-30
		INJECTED from src/main/AndroidManifest.xml
		INJECTED from src/main/AndroidManifest.xml
	xmlns:android
		ADDED from src/main/AndroidManifest.xml:4:5-63
	android:versionCode
		ADDED from src/main/AndroidManifest.xml:6:5-28
		INJECTED from src/main/AndroidManifest.xml
		INJECTED from src/main/AndroidManifest.xml
uses-sdk
ADDED from src/main/AndroidManifest.xml:9:5-11:45
INJECTED from src/main/AndroidManifest.xml:9:5-11:45
INJECTED from src/main/AndroidManifest.xml:9:5-11:45
INJECTED from src/main/AndroidManifest.xml:9:5-11:45
INJECTED from src/main/AndroidManifest.xml:9:5-11:45
	android:targetSdkVersion
		ADDED from src/main/AndroidManifest.xml:11:13-42
		INJECTED from src/main/AndroidManifest.xml
		INJECTED from src/main/AndroidManifest.xml
	android:minSdkVersion
		ADDED from src/main/AndroidManifest.xml:10:13-39
		INJECTED from src/main/AndroidManifest.xml
		INJECTED from src/main/AndroidManifest.xml
uses-feature#0x00020000
ADDED from src/main/AndroidManifest.xml:13:5-78
	android:glEsVersion
		ADDED from src/main/AndroidManifest.xml:13:19-51
	android:required
		ADDED from src/main/AndroidManifest.xml:13:52-75
application
ADDED from src/main/AndroidManifest.xml:15:5-27:19
	android:label
		ADDED from src/main/AndroidManifest.xml:17:13-45
	android:icon
		ADDED from src/main/AndroidManifest.xml:16:13-49
	android:allowBackup
		ADDED from src/main/AndroidManifest.xml:18:13-39
activity#com.example.android.opengl.OpenGLES20Activity
ADDED from src/main/AndroidManifest.xml:19:9-26:20
	android:label
		ADDED from src/main/AndroidManifest.xml:21:17-49
	android:name
		ADDED from src/main/AndroidManifest.xml:20:17-77
intent-filter#android.intent.action.MAIN+android.intent.category.LAUNCHER
ADDED from src/main/AndroidManifest.xml:22:13-25:29
action#android.intent.action.MAIN
ADDED from src/main/AndroidManifest.xml:23:17-69
	android:name
		ADDED from src/main/AndroidManifest.xml:23:25-66
category#android.intent.category.LAUNCHER
ADDED from src/main/AndroidManifest.xml:24:17-77
	android:name
		ADDED from src/main/AndroidManifest.xml:24:27-74